<?xml version="1.0" encoding="UTF-8"?>
<!-- Generated by org.testng.reporters.JUnitReportReporter -->
<testsuite hostname="HASEEF" failures="0" tests="9" name="com.nurseryadministrator.testscript.AssistantList" time="70.415" errors="0" timestamp="2021-06-15T12:52:58 IST" skipped="0">
  <testcase classname="com.nurseryadministrator.testscript.AssistantList" name="viewAssistantDetails" time="6.148"/>
  <system-out/>
  <testcase classname="com.nurseryadministrator.testscript.AssistantList" name="deactivateAssistant" time="8.632"/>
  <system-out/>
  <testcase classname="com.nurseryadministrator.testscript.AssistantList" name="activateAssistant" time="8.800"/>
  <system-out/>
  <testcase classname="com.nurseryadministrator.testscript.AssistantList" name="filterByName" time="5.922"/>
  <system-out/>
  <testcase classname="com.nurseryadministrator.testscript.AssistantList" name="editAndViewAssistantDetails" time="12.688"/>
  <system-out/>
  <testcase classname="com.nurseryadministrator.testscript.AssistantList" name="filterByGroupName" time="4.464"/>
  <system-out/>
  <testcase classname="com.nurseryadministrator.testscript.AssistantList" name="verifySorForName" time="7.752"/>
  <system-out/>
  <testcase classname="com.nurseryadministrator.testscript.AssistantList" name="verifySorForPhone" time="8.068"/>
  <system-out/>
  <testcase classname="com.nurseryadministrator.testscript.AssistantList" name="verifySorForStatus" time="7.941"/>
  <system-out/>
</testsuite> <!-- com.nurseryadministrator.testscript.AssistantList -->
