<?xml version="1.0" encoding="UTF-8"?>
<!-- Generated by org.testng.reporters.JUnitReportReporter -->
<testsuite hostname="HASEEF" failures="0" tests="1" name="com.nurseryadministrator.testscript.Dashboard" time="0.446" errors="0" timestamp="2021-06-22T11:41:47 IST" skipped="0">
  <testcase classname="com.nurseryadministrator.testscript.Dashboard" name="verifyDashboard" time="0.446"/>
  <system-out/>
</testsuite> <!-- com.nurseryadministrator.testscript.Dashboard -->
