<?xml version="1.0" encoding="UTF-8"?>
<!-- Generated by org.testng.reporters.JUnitReportReporter -->
<testsuite hostname="HASEEF" failures="0" tests="9" name="com.nurseryadministrator.testscript.PaymentRequestList" time="64.391" errors="0" timestamp="2021-06-15T12:52:58 IST" skipped="0">
  <testcase classname="com.nurseryadministrator.testscript.PaymentRequestList" name="filterByStatus" time="5.988"/>
  <system-out/>
  <testcase classname="com.nurseryadministrator.testscript.PaymentRequestList" name="filterByPaymentName" time="4.243"/>
  <system-out/>
  <testcase classname="com.nurseryadministrator.testscript.PaymentRequestList" name="filterByStudentName" time="5.850"/>
  <system-out/>
  <testcase classname="com.nurseryadministrator.testscript.PaymentRequestList" name="filterByDate" time="4.817"/>
  <system-out/>
  <testcase classname="com.nurseryadministrator.testscript.PaymentRequestList" name="filterByGroupName" time="10.944"/>
  <system-out/>
  <testcase classname="com.nurseryadministrator.testscript.PaymentRequestList" name="verifySortTitle" time="7.996"/>
  <system-out/>
  <testcase classname="com.nurseryadministrator.testscript.PaymentRequestList" name="verifySortStudentName" time="8.160"/>
  <system-out/>
  <testcase classname="com.nurseryadministrator.testscript.PaymentRequestList" name="verifySortDueDate" time="8.374"/>
  <system-out/>
  <testcase classname="com.nurseryadministrator.testscript.PaymentRequestList" name="verifySortStatus" time="8.019"/>
  <system-out/>
</testsuite> <!-- com.nurseryadministrator.testscript.PaymentRequestList -->
