<?xml version="1.0" encoding="UTF-8"?>
<!-- Generated by org.testng.reporters.JUnitReportReporter -->
<testsuite hostname="HASEEF" failures="0" tests="16" name="com.nurseryadministrator.testscript.StudentList" time="105.944" errors="0" timestamp="2021-06-15T12:52:58 IST" skipped="0">
  <testcase classname="com.nurseryadministrator.testscript.StudentList" name="deactivateStudent" time="8.314"/>
  <system-out/>
  <testcase classname="com.nurseryadministrator.testscript.StudentList" name="activateStudent" time="8.070"/>
  <system-out/>
  <testcase classname="com.nurseryadministrator.testscript.StudentList" name="editAndViewStudentDetails" time="10.423"/>
  <system-out/>
  <testcase classname="com.nurseryadministrator.testscript.StudentList" name="filterByFirstName" time="4.197"/>
  <system-out/>
  <testcase classname="com.nurseryadministrator.testscript.StudentList" name="filterByLastName" time="3.722"/>
  <system-out/>
  <testcase classname="com.nurseryadministrator.testscript.StudentList" name="filterByParent1Name" time="4.170"/>
  <system-out/>
  <testcase classname="com.nurseryadministrator.testscript.StudentList" name="filterByStatus" time="3.297"/>
  <system-out/>
  <testcase classname="com.nurseryadministrator.testscript.StudentList" name="filterByGroupName" time="3.562"/>
  <system-out/>
  <testcase classname="com.nurseryadministrator.testscript.StudentList" name="filterByGroupType" time="3.252"/>
  <system-out/>
  <testcase classname="com.nurseryadministrator.testscript.StudentList" name="verifySortFirstName" time="8.574"/>
  <system-out/>
  <testcase classname="com.nurseryadministrator.testscript.StudentList" name="verifySortLasttName" time="7.878"/>
  <system-out/>
  <testcase classname="com.nurseryadministrator.testscript.StudentList" name="verifySortParent1Name" time="8.487"/>
  <system-out/>
  <testcase classname="com.nurseryadministrator.testscript.StudentList" name="verifySortParent2Name" time="8.148"/>
  <system-out/>
  <testcase classname="com.nurseryadministrator.testscript.StudentList" name="verifySortGroupName" time="8.096"/>
  <system-out/>
  <testcase classname="com.nurseryadministrator.testscript.StudentList" name="verifySortGroupType" time="7.952"/>
  <system-out/>
  <testcase classname="com.nurseryadministrator.testscript.StudentList" name="verifySortForStatus" time="7.802"/>
  <system-out/>
</testsuite> <!-- com.nurseryadministrator.testscript.StudentList -->
