<?xml version="1.0" encoding="UTF-8"?>
<!-- Generated by org.testng.reporters.JUnitReportReporter -->
<testsuite hostname="HASEEF" failures="0" tests="6" name="com.nurseryadministrator.testscript.GrantTemporaryAdminAccess" time="28.327" errors="0" timestamp="2021-06-15T12:52:58 IST" skipped="0">
  <testcase classname="com.nurseryadministrator.testscript.GrantTemporaryAdminAccess" name="revokeAdminaccess" time="3.868"/>
  <system-out/>
  <testcase classname="com.nurseryadministrator.testscript.GrantTemporaryAdminAccess" name="grantAdminaccessfor1Week" time="5.330"/>
  <system-out/>
  <testcase classname="com.nurseryadministrator.testscript.GrantTemporaryAdminAccess" name="grantAdminaccessfor1day" time="5.783"/>
  <system-out/>
  <testcase classname="com.nurseryadministrator.testscript.GrantTemporaryAdminAccess" name="revokeAdminaccess" time="3.654"/>
  <system-out/>
  <testcase classname="com.nurseryadministrator.testscript.GrantTemporaryAdminAccess" name="revokeAdminaccess" time="3.784"/>
  <system-out/>
  <testcase classname="com.nurseryadministrator.testscript.GrantTemporaryAdminAccess" name="grantAdminaccessfor3day" time="5.908"/>
  <system-out/>
</testsuite> <!-- com.nurseryadministrator.testscript.GrantTemporaryAdminAccess -->
