<?xml version="1.0" encoding="UTF-8"?>
<!-- Generated by org.testng.reporters.JUnitReportReporter -->
<testsuite hostname="HASEEF" failures="0" tests="2" name="com.nurseryadministrator.testscript.AddGroup" time="8.447" errors="0" timestamp="2021-06-22T11:41:47 IST" skipped="0">
  <testcase classname="com.nurseryadministrator.testscript.AddGroup" name="verifyMandatoryMsgVisible" time="1.905"/>
  <system-out/>
  <testcase classname="com.nurseryadministrator.testscript.AddGroup" name="addBabiesGroup" time="6.542"/>
  <system-out/>
</testsuite> <!-- com.nurseryadministrator.testscript.AddGroup -->
