<?xml version="1.0" encoding="UTF-8"?>
<!-- Generated by org.testng.reporters.JUnitReportReporter -->
<testsuite hostname="HASEEF" failures="0" tests="2" name="com.nurseryadministrator.testscript.AddEmployee" time="10.647" errors="0" timestamp="2021-06-22T11:41:47 IST" skipped="0">
  <testcase classname="com.nurseryadministrator.testscript.AddEmployee" name="verifyMandatoryMsgVisibile" time="2.616"/>
  <system-out/>
  <testcase classname="com.nurseryadministrator.testscript.AddEmployee" name="addEmployeeWithAllRoles" time="8.031"/>
  <system-out/>
</testsuite> <!-- com.nurseryadministrator.testscript.AddEmployee -->
