<?xml version="1.0" encoding="UTF-8"?>
<!-- Generated by org.testng.reporters.JUnitReportReporter -->
<testsuite hostname="HASEEF" failures="0" tests="8" name="com.nurseryadministrator.testscript.NurseList" time="64.566" errors="0" timestamp="2021-06-15T12:52:58 IST" skipped="0">
  <testcase classname="com.nurseryadministrator.testscript.NurseList" name="viewNurseDetails" time="5.826"/>
  <system-out/>
  <testcase classname="com.nurseryadministrator.testscript.NurseList" name="deactivateNurse" time="8.027"/>
  <system-out/>
  <testcase classname="com.nurseryadministrator.testscript.NurseList" name="activateNurse" time="7.826"/>
  <system-out/>
  <testcase classname="com.nurseryadministrator.testscript.NurseList" name="filterByName" time="5.370"/>
  <system-out/>
  <testcase classname="com.nurseryadministrator.testscript.NurseList" name="editAndViewNurseDetails" time="12.551"/>
  <system-out/>
  <testcase classname="com.nurseryadministrator.testscript.NurseList" name="verifySorForName" time="9.106"/>
  <system-out/>
  <testcase classname="com.nurseryadministrator.testscript.NurseList" name="verifySorForPhone" time="7.904"/>
  <system-out/>
  <testcase classname="com.nurseryadministrator.testscript.NurseList" name="verifySorForStatus" time="7.956"/>
  <system-out/>
</testsuite> <!-- com.nurseryadministrator.testscript.NurseList -->
