<?xml version="1.0" encoding="UTF-8"?>
<!-- Generated by org.testng.reporters.JUnitReportReporter -->
<testsuite hostname="HASEEF" failures="0" tests="1" name="com.nurseryadministrator.testscript.EditProfile" time="8.616" errors="0" timestamp="2021-06-15T12:52:58 IST" skipped="0">
  <testcase classname="com.nurseryadministrator.testscript.EditProfile" name="editPhoneNumberAndVerifyOTP" time="8.616"/>
  <system-out/>
</testsuite> <!-- com.nurseryadministrator.testscript.EditProfile -->
