<?xml version="1.0" encoding="UTF-8"?>
<!-- Generated by org.testng.reporters.JUnitReportReporter -->
<testsuite hostname="HASEEF" failures="0" tests="3" name="com.nurseryadministrator.testscript.GroupList" time="19.792" errors="0" timestamp="2021-06-22T11:41:47 IST" skipped="0">
  <testcase classname="com.nurseryadministrator.testscript.GroupList" name="deactivateGroup" time="7.143"/>
  <system-out/>
  <testcase classname="com.nurseryadministrator.testscript.GroupList" name="activateGroup" time="6.214"/>
  <system-out/>
  <testcase classname="com.nurseryadministrator.testscript.GroupList" name="filterByGroupType" time="6.435"/>
  <system-out/>
</testsuite> <!-- com.nurseryadministrator.testscript.GroupList -->
