<?xml version="1.0" encoding="UTF-8"?>
<!-- Generated by org.testng.reporters.JUnitReportReporter -->
<testsuite hostname="HASEEF" failures="0" tests="3" name="com.nurseryadministrator.testscript.AddStudent" time="34.563" errors="0" timestamp="2021-06-21T11:49:49 IST" skipped="0">
  <testcase classname="com.nurseryadministrator.testscript.AddStudent" name="verifyMandatoryMsgVisible" time="2.455"/>
  <system-out/>
  <testcase classname="com.nurseryadministrator.testscript.AddStudent" name="addStudent" time="25.753"/>
  <system-out/>
  <testcase classname="com.nurseryadministrator.testscript.AddStudent" name="viewStudentDetails" time="6.355"/>
  <system-out/>
</testsuite> <!-- com.nurseryadministrator.testscript.AddStudent -->
