<?xml version="1.0" encoding="UTF-8"?>
<!-- Generated by org.testng.reporters.JUnitReportReporter -->
<testsuite hostname="HASEEF" failures="0" tests="3" name="com.nurseryadministrator.testscript.AddNurseryAdmin" time="16.589" errors="0" timestamp="2021-06-15T12:52:58 IST" skipped="0">
  <testcase classname="com.nurseryadministrator.testscript.AddNurseryAdmin" name="verifyMandatoryMsgVisible" time="2.692"/>
  <system-out/>
  <testcase classname="com.nurseryadministrator.testscript.AddNurseryAdmin" name="addNurseryAdmin" time="8.680"/>
  <system-out/>
  <testcase classname="com.nurseryadministrator.testscript.AddNurseryAdmin" name="viewAdminDetails" time="5.217"/>
  <system-out/>
</testsuite> <!-- com.nurseryadministrator.testscript.AddNurseryAdmin -->
