<?xml version="1.0" encoding="UTF-8"?>
<!-- Generated by org.testng.reporters.JUnitReportReporter -->
<testsuite hostname="HASEEF" failures="0" tests="3" name="com.nurseryadministrator.testscript.TeacherList" time="18.760" errors="0" timestamp="2021-06-22T11:41:47 IST" skipped="0">
  <testcase classname="com.nurseryadministrator.testscript.TeacherList" name="viewTeacherDetails" time="5.246"/>
  <system-out/>
  <testcase classname="com.nurseryadministrator.testscript.TeacherList" name="deactivateTeacher" time="6.183"/>
  <system-out/>
  <testcase classname="com.nurseryadministrator.testscript.TeacherList" name="activateTeacher" time="7.331"/>
  <system-out/>
</testsuite> <!-- com.nurseryadministrator.testscript.TeacherList -->
