<?xml version="1.0" encoding="UTF-8"?>
<!-- Generated by org.testng.reporters.JUnitReportReporter -->
<testsuite hostname="HASEEF" failures="0" tests="4" name="com.nurseryadministrator.testscript.LogIn" time="26.021" errors="0" timestamp="2021-06-15T12:52:58 IST" skipped="0">
  <testcase classname="com.nurseryadministrator.testscript.LogIn" name="invalidEmail" time="4.158"/>
  <system-out/>
  <testcase classname="com.nurseryadministrator.testscript.LogIn" name="invalidCredentials" time="5.003"/>
  <system-out/>
  <testcase classname="com.nurseryadministrator.testscript.LogIn" name="noCredentials" time="3.550"/>
  <system-out/>
  <testcase classname="com.nurseryadministrator.testscript.LogIn" name="validCredentials" time="13.310"/>
  <system-out/>
</testsuite> <!-- com.nurseryadministrator.testscript.LogIn -->
