<?xml version="1.0" encoding="UTF-8"?>
<!-- Generated by org.testng.reporters.JUnitReportReporter -->
<testsuite hostname="HASEEF" failures="0" tests="7" name="com.nurseryadministrator.testscript.RequestPayment" time="75.345" errors="0" timestamp="2021-06-15T12:52:58 IST" skipped="0">
  <testcase classname="com.nurseryadministrator.testscript.RequestPayment" name="verifyMandatoryMsgVisibile" time="2.835"/>
  <system-out/>
  <testcase classname="com.nurseryadministrator.testscript.RequestPayment" name="createPaymentRequest" time="20.717"/>
  <system-out/>
  <testcase classname="com.nurseryadministrator.testscript.RequestPayment" name="viewPaymentDetails" time="16.993"/>
  <system-out/>
  <testcase classname="com.nurseryadministrator.testscript.RequestPayment" name="acceptPayment" time="8.922"/>
  <system-out/>
  <testcase classname="com.nurseryadministrator.testscript.RequestPayment" name="refundPayment" time="8.951"/>
  <system-out/>
  <testcase classname="com.nurseryadministrator.testscript.RequestPayment" name="cancelPayment" time="8.291"/>
  <system-out/>
  <testcase classname="com.nurseryadministrator.testscript.RequestPayment" name="verifyPaymentActions" time="8.636"/>
  <system-out/>
</testsuite> <!-- com.nurseryadministrator.testscript.RequestPayment -->
