<?xml version="1.0" encoding="UTF-8"?>
<!-- Generated by org.testng.reporters.JUnitReportReporter -->
<testsuite hostname="HASEEF" failures="0" tests="10" name="com.nurseryadministrator.testscript.AdminList" time="71.021" errors="0" timestamp="2021-06-15T12:52:58 IST" skipped="0">
  <testcase classname="com.nurseryadministrator.testscript.AdminList" name="deactivateAdmin" time="7.251"/>
  <system-out/>
  <testcase classname="com.nurseryadministrator.testscript.AdminList" name="activateAdmin" time="7.141"/>
  <system-out/>
  <testcase classname="com.nurseryadministrator.testscript.AdminList" name="filterByName" time="5.547"/>
  <system-out/>
  <testcase classname="com.nurseryadministrator.testscript.AdminList" name="editNurseryAdmin" time="10.927"/>
  <system-out/>
  <testcase classname="com.nurseryadministrator.testscript.AdminList" name="filterByStatus" time="4.501"/>
  <system-out/>
  <testcase classname="com.nurseryadministrator.testscript.AdminList" name="filterByEmail" time="3.693"/>
  <system-out/>
  <testcase classname="com.nurseryadministrator.testscript.AdminList" name="verifySortForName" time="7.843"/>
  <system-out/>
  <testcase classname="com.nurseryadministrator.testscript.AdminList" name="verifySortForPhone" time="8.375"/>
  <system-out/>
  <testcase classname="com.nurseryadministrator.testscript.AdminList" name="verifySortForEmail" time="7.847"/>
  <system-out/>
  <testcase classname="com.nurseryadministrator.testscript.AdminList" name="verifySortForStatus" time="7.896"/>
  <system-out/>
</testsuite> <!-- com.nurseryadministrator.testscript.AdminList -->
